src/unity/DecawaveInterface/Temp/gradleOut/unityLibrary/build/intermediates/manifest_merge_blame_file/release/manifest-merger-blame-release-report.txt
1<?xml version="1.0" encoding="utf-8"?>
2<manifest xmlns:android="http://schemas.android.com/apk/res/android"
3    xmlns:tools="http://schemas.android.com/tools"
4    package="com.unity3d.player"
5    android:versionCode="1"
6    android:versionName="0.1" >
7
8    <uses-sdk
9        android:minSdkVersion="26"
9-->src\main\AndroidManifest.xml
10        android:targetSdkVersion="30" />
10-->src\main\AndroidManifest.xml
11
12    <uses-feature android:glEsVersion="0x00030000" />
12-->src\main\AndroidManifest.xml:19:3-52
12-->src\main\AndroidManifest.xml:19:17-49
13
14    <uses-permission android:name="android.permission.INTERNET" />
14-->src\main\AndroidManifest.xml:20:3-65
14-->src\main\AndroidManifest.xml:20:20-62
15
16    <uses-feature
16-->src\main\AndroidManifest.xml:21:3-88
17        android:name="android.hardware.touchscreen"
17-->src\main\AndroidManifest.xml:21:17-60
18        android:required="false" />
18-->src\main\AndroidManifest.xml:21:61-85
19    <uses-feature
19-->src\main\AndroidManifest.xml:22:3-99
20        android:name="android.hardware.touchscreen.multitouch"
20-->src\main\AndroidManifest.xml:22:17-71
21        android:required="false" />
21-->src\main\AndroidManifest.xml:22:72-96
22    <uses-feature
22-->src\main\AndroidManifest.xml:23:3-108
23        android:name="android.hardware.touchscreen.multitouch.distinct"
23-->src\main\AndroidManifest.xml:23:17-80
24        android:required="false" />
24-->src\main\AndroidManifest.xml:23:81-105
25
26    <uses-permission android:name="android.permission.CAMERA" />
26-->src\main\AndroidManifest.xml:24:3-63
26-->src\main\AndroidManifest.xml:24:20-60
27
28    <uses-feature
28-->src\main\AndroidManifest.xml:25:3-85
29        android:name="android.hardware.camera.ar"
29-->src\main\AndroidManifest.xml:25:17-58
30        android:required="true" />
30-->src\main\AndroidManifest.xml:25:59-82
31    <uses-feature
31-->src\main\AndroidManifest.xml:26:3-83
32        android:name="com.google.ar.core.depth"
32-->src\main\AndroidManifest.xml:26:17-56
33        android:required="true" />
33-->src\main\AndroidManifest.xml:26:57-80
34
35    <application>
35-->src\main\AndroidManifest.xml:3:3-18:17
36        <activity
36-->src\main\AndroidManifest.xml:4:5-11:16
37            android:name="com.unity3d.player.UnityPlayerActivity"
37-->src\main\AndroidManifest.xml:4:15-68
38            android:configChanges="mcc|mnc|locale|touchscreen|keyboard|keyboardHidden|navigation|orientation|screenLayout|uiMode|screenSize|smallestScreenSize|fontScale|layoutDirection|density"
38-->src\main\AndroidManifest.xml:4:182-363
39            android:hardwareAccelerated="false"
39-->src\main\AndroidManifest.xml:4:364-399
40            android:launchMode="singleTask"
40-->src\main\AndroidManifest.xml:4:150-181
41            android:screenOrientation="fullSensor"
41-->src\main\AndroidManifest.xml:4:111-149
42            android:theme="@style/UnityThemeSelector" >
42-->src\main\AndroidManifest.xml:4:69-110
43            <intent-filter>
43-->src\main\AndroidManifest.xml:5:7-8:23
44                <action android:name="android.intent.action.MAIN" />
44-->src\main\AndroidManifest.xml:6:9-61
44-->src\main\AndroidManifest.xml:6:17-58
45
46                <category android:name="android.intent.category.LAUNCHER" />
46-->src\main\AndroidManifest.xml:7:9-69
46-->src\main\AndroidManifest.xml:7:19-66
47            </intent-filter>
48
49            <meta-data
49-->src\main\AndroidManifest.xml:9:7-82
50                android:name="unityplayer.UnityActivity"
50-->src\main\AndroidManifest.xml:9:18-58
51                android:value="true" />
51-->src\main\AndroidManifest.xml:9:59-79
52            <meta-data
52-->src\main\AndroidManifest.xml:10:7-78
53                android:name="android.notch_support"
53-->src\main\AndroidManifest.xml:10:18-54
54                android:value="true" />
54-->src\main\AndroidManifest.xml:10:55-75
55        </activity>
56
57        <meta-data
57-->src\main\AndroidManifest.xml:12:5-69
58            android:name="unity.splash-mode"
58-->src\main\AndroidManifest.xml:12:16-48
59            android:value="0" />
59-->src\main\AndroidManifest.xml:12:49-66
60        <meta-data
60-->src\main\AndroidManifest.xml:13:5-74
61            android:name="unity.splash-enable"
61-->src\main\AndroidManifest.xml:13:16-50
62            android:value="True" />
62-->src\main\AndroidManifest.xml:13:51-71
63        <meta-data
63-->src\main\AndroidManifest.xml:14:5-81
64            android:name="notch.config"
64-->src\main\AndroidManifest.xml:14:16-43
65            android:value="portrait|landscape" />
65-->src\main\AndroidManifest.xml:14:44-78
66        <meta-data
66-->src\main\AndroidManifest.xml:15:5-101
67            android:name="unity.build-id"
67-->src\main\AndroidManifest.xml:15:16-45
68            android:value="738c7aa5-f6c2-4c61-b8c1-0c654d96c2e3" />
68-->src\main\AndroidManifest.xml:15:46-98
69        <meta-data
69-->src\main\AndroidManifest.xml:16:5-88
70            android:name="unityplayer.SkipPermissionsDialog"
70-->src\main\AndroidManifest.xml:16:16-64
71            android:value="true" />
71-->src\main\AndroidManifest.xml:16:65-85
72        <meta-data
72-->src\main\AndroidManifest.xml:17:5-77
73            android:name="com.google.ar.core"
73-->src\main\AndroidManifest.xml:17:16-49
74            android:value="required" />
74-->src\main\AndroidManifest.xml:17:50-74
75    </application>
76
77</manifest>